# Baby Bot Investment Log - Rainbow Wings Terminal
# Session ID: RW-BB2-2025-07-24T16:00
# Operator: Quang Bluekie
# Mode: AutoGlow Scan
# Token: RainbowWings | Cervatrix | Tenzora | CharmStack

[16:01] [INIT] Bot khởi động - trạng thái: Glow ON, Pulse SYNC
[16:02] [ASSET_SCAN] Tổng token scan: 42 | Stack active: 27
[16:03] [INVEST] $1,200 được phân bổ - RainbowWings x1, Cervatrix x1
[16:07] [TRADE] Lệnh giao dịch Tenzora: Buy @ $1,350 | Bounce Stable
[16:10] [YIELD] RainbowWings glow: +$14.21 | Cervatrix yield: +$6.90
[16:13] [SYNC] Stack tokens đã đồng bộ với cleanTransitMainWallet
[16:15] [SUMMARY]
  - Tổng đầu tư: $1
  - Tổng lợi nhuận: $0.11 (+1.76%)
  - Glow Status: ACTIVE
  - Stack Refresh: 2 vòng / 1h
[16:16] [EXPORT] Ghi log hoàn tất ✅ - Sẵn sàng gửi team tài chính
# REST Activity Log - Baby Bot Rainbow Wings
# Session: RW-BB2-2025-07-24T16:00
# Operator: Quang Bluekie

[16:01] [GET] /wallet → 200 OK | Payload: {"balance": 1200.00}
[16:02] [GET] /assets → 200 OK | Total assets: 42
[16:03] [GET] /assets/stack → 200 OK | Stack active: 27
[16:04] [GET] /assets/stack/SOI → 200 OK | Glow: 610% | Price: $2
[16:05] [POST] /trade/execute → 201 Created | Token: Tenzora | Amount: $1350
[16:06] [SYNC] cleanTransitMainWallet → Status: Synced ✅
[16:07] [GET] /assets/stack/BAE → 200 OK | Glow: 1350% | Price: $22